<?xml version="1.0" encoding="UTF-8"?>
<testsuite xmlns:xsi="http://www.w3.org/2001/XMLSchema-instance" xsi:noNamespaceSchemaLocation="https://maven.apache.org/surefire/maven-surefire-plugin/xsd/surefire-test-report-3.0.xsd" version="3.0" name="testRunner.TestRunner" time="18.088" tests="2" errors="0" skipped="0" failures="1">
  <properties>
[...]
</properties>
  <testcase name="Successful Login with Valid Credentials" classname="Login" time="12.368">
    <system-out><![CDATA[2023-07-15 18:35:56,642 - stepDefinitions.StepDef [setup] -(INFO) *******Executing setup******** 
[DEBUG] Using SLF4J as the default logging framework
[DEBUG] -Dio.netty.leakDetection.level: simple
[DEBUG] -Dio.netty.leakDetection.targetRecords: 4
[DEBUG] Loaded default ResourceLeakDetector: io.netty.util.ResourceLeakDetector@6d025d1d
[DEBUG] -Dio.netty.noUnsafe: false
[DEBUG] Java version: 17
[DEBUG] sun.misc.Unsafe.theUnsafe: available
[DEBUG] sun.misc.Unsafe.copyMemory: available
[DEBUG] sun.misc.Unsafe.storeFence: available
[DEBUG] java.nio.Buffer.address: available
[DEBUG] direct buffer constructor: unavailable: Reflective setAccessible(true) disabled
[DEBUG] java.nio.Bits.unaligned: available, true
[DEBUG] jdk.internal.misc.Unsafe.allocateUninitializedArray(int): unavailable: class io.netty.util.internal.PlatformDependent0$7 cannot access class jdk.internal.misc.Unsafe (in module java.base) because module java.base does not export jdk.internal.misc to unnamed module @cb644e
[DEBUG] java.nio.DirectByteBuffer.<init>(long, int): unavailable
[DEBUG] sun.misc.Unsafe: available
[DEBUG] maxDirectMemory: 3149922304 bytes (maybe)
[DEBUG] -Dio.netty.tmpdir: C:\Windows\TEMP (java.io.tmpdir)
[DEBUG] -Dio.netty.bitMode: 64 (sun.arch.data.model)
[DEBUG] Platform: Windows
[DEBUG] -Dio.netty.maxDirectMemory: -1 bytes
[DEBUG] -Dio.netty.uninitializedArrayAllocationThreshold: -1
[DEBUG] java.nio.ByteBuffer.cleaner(): available
[DEBUG] -Dio.netty.noPreferDirect: false
[DEBUG] org.jctools-core.MpscChunkedArrayQueue: available
[DEBUG] -Dio.netty.threadLocalMap.stringBuilder.initialSize: 1024
[DEBUG] -Dio.netty.threadLocalMap.stringBuilder.maxSize: 4096
[DEBUG] Default protocols (JDK): [TLSv1.3, TLSv1.2] 
[DEBUG] Default cipher suites (JDK): [TLS_ECDHE_ECDSA_WITH_AES_256_GCM_SHA384, TLS_ECDHE_ECDSA_WITH_AES_128_GCM_SHA256, TLS_ECDHE_RSA_WITH_AES_128_GCM_SHA256, TLS_ECDHE_RSA_WITH_AES_256_GCM_SHA384, TLS_ECDHE_RSA_WITH_AES_128_CBC_SHA, TLS_ECDHE_RSA_WITH_AES_256_CBC_SHA, TLS_RSA_WITH_AES_128_GCM_SHA256, TLS_RSA_WITH_AES_128_CBC_SHA, TLS_RSA_WITH_AES_256_CBC_SHA, TLS_AES_128_GCM_SHA256, TLS_AES_256_GCM_SHA384]
[DEBUG] -Dio.netty.globalEventExecutor.quietPeriodSeconds: 1
[DEBUG] -Dio.netty.eventLoopThreads: 16
[DEBUG] -Dio.netty.noKeySetOptimization: false
[DEBUG] -Dio.netty.selectorAutoRebuildThreshold: 512
[DEBUG] -Dio.netty.allocator.numHeapArenas: 16
[DEBUG] -Dio.netty.allocator.numDirectArenas: 16
[DEBUG] -Dio.netty.allocator.pageSize: 8192
[DEBUG] -Dio.netty.allocator.maxOrder: 9
[DEBUG] -Dio.netty.allocator.chunkSize: 4194304
[DEBUG] -Dio.netty.allocator.smallCacheSize: 256
[DEBUG] -Dio.netty.allocator.normalCacheSize: 64
[DEBUG] -Dio.netty.allocator.maxCachedBufferCapacity: 32768
[DEBUG] -Dio.netty.allocator.cacheTrimInterval: 8192
[DEBUG] -Dio.netty.allocator.cacheTrimIntervalMillis: 0
[DEBUG] -Dio.netty.allocator.useCacheForAllThreads: false
[DEBUG] -Dio.netty.allocator.maxCachedByteBuffersPerChunk: 1023
[DEBUG] -Dio.netty.allocator.type: pooled
[DEBUG] -Dio.netty.threadLocalDirectBufferSize: 0
[DEBUG] -Dio.netty.maxThreadLocalCharBufferSize: 16384
[DEBUG] -Dio.netty.processId: 39560 (auto-detected)
[DEBUG] -Djava.net.preferIPv4Stack: false
[DEBUG] -Djava.net.preferIPv6Addresses: false
[DEBUG] Loopback interface: lo (Software Loopback Interface 1, 127.0.0.1)
[DEBUG] Failed to get SOMAXCONN from sysctl and file \proc\sys\net\core\somaxconn. Default: 200
[DEBUG] -Dio.netty.machineId: 50:2f:9b:ff:fe:c0:52:a6 (auto-detected)
[DEBUG] -Dio.netty.buffer.checkAccessible: true
[DEBUG] -Dio.netty.buffer.checkBounds: true
[DEBUG] Loaded default ResourceLeakDetector: io.netty.util.ResourceLeakDetector@3abb2a16
[DEBUG] Using new Channel '[id: 0xc1b47c6c, L:/127.0.0.1:57215 - R:localhost/127.0.0.1:32195]' for 'POST' to '/session'
[DEBUG] -Dio.netty.recycler.maxCapacityPerThread: 4096
[DEBUG] -Dio.netty.recycler.ratio: 8
[DEBUG] -Dio.netty.recycler.chunkSize: 32
[DEBUG] -Dio.netty.recycler.blocking: false
[DEBUG] -Dio.netty.recycler.batchFastThreadLocalOnly: true
[DEBUG] brotli4j not in the classpath; Brotli support will be unavailable.
[DEBUG] 

Request DefaultHttpRequest(decodeResult: success, version: HTTP/1.1)
POST /session HTTP/1.1
User-Agent: selenium/4.10.0 (java windows)
Content-Length: 356
Content-Type: application/json; charset=utf-8
host: localhost:32195
accept: */*

Response DefaultHttpResponse(decodeResult: success, version: HTTP/1.1)
HTTP/1.1 200 OK
Content-Length: 846
Content-Type: application/json; charset=utf-8
cache-control: no-cache

[DEBUG] Adding key: http://localhost:32195 for channel [id: 0xc1b47c6c, L:/127.0.0.1:57215 - R:localhost/127.0.0.1:32195]
[DEBUG] Using new Channel '[id: 0x371ec985, L:/127.0.0.1:57222 - R:localhost/127.0.0.1:57216]' for 'GET' to '/json/version'
[DEBUG] 

Request DefaultFullHttpRequest(decodeResult: success, version: HTTP/1.1, content: EmptyByteBufBE)
GET /json/version HTTP/1.1
User-Agent: selenium/4.10.0 (java windows)
host: localhost:57216
accept: */*

Response DefaultHttpResponse(decodeResult: success, version: HTTP/1.1)
HTTP/1.1 200 OK
Content-Security-Policy: frame-ancestors 'none'
Content-Length: 424
Content-Type: application/json; charset=UTF-8

[DEBUG] Adding key: http://localhost:57216 for channel [id: 0x371ec985, L:/127.0.0.1:57222 - R:localhost/127.0.0.1:57216]
[DEBUG] -Dio.netty.initialSeedUniquifier: 0xfa782e205eb88e73
[DEBUG] Using new Channel '[id: 0x735022bd, L:/127.0.0.1:57223 - R:localhost/127.0.0.1:57216]' for 'GET' to '/devtools/browser/ab4c80c6-bdfe-4087-92b6-23cb62b0f70e'
[DEBUG] 

Request DefaultFullHttpRequest(decodeResult: success, version: HTTP/1.1, content: EmptyByteBufBE)
GET /devtools/browser/ab4c80c6-bdfe-4087-92b6-23cb62b0f70e HTTP/1.1
upgrade: websocket
connection: upgrade
sec-websocket-key: 96Sp22H7pJ0baXy1K3aC1Q==
sec-websocket-version: 13
origin: http://localhost:57216
host: localhost:57216
accept: */*
user-agent: AHC/2.1

Response DefaultHttpResponse(decodeResult: success, version: HTTP/1.1)
HTTP/1.1 101 WebSocket Protocol Handshake
Upgrade: WebSocket
Connection: Upgrade
Sec-WebSocket-Accept: Umm+SBCK5UCg4CPUkJGRRB+X5+U=

2023-07-15 18:35:59,882 - stepDefinitions.StepDef [setup] -(INFO) Launching Chrome Browser 
[DEBUG] Using pooled Channel '[id: 0xc1b47c6c, L:/127.0.0.1:57215 - R:localhost/127.0.0.1:32195]' for 'POST' to 'http://localhost:32195/session/c7fa899fa11c6d44c274af712cf22ed5/window/maximize'
[DEBUG] Using open Channel [id: 0xc1b47c6c, L:/127.0.0.1:57215 - R:localhost/127.0.0.1:32195] for POST '/session/c7fa899fa11c6d44c274af712cf22ed5/window/maximize'
[DEBUG] 

Request DefaultHttpRequest(decodeResult: success, version: HTTP/1.1)
POST /session/c7fa899fa11c6d44c274af712cf22ed5/window/maximize HTTP/1.1
User-Agent: selenium/4.10.0 (java windows)
Content-Length: 3
Content-Type: application/json; charset=utf-8
host: localhost:32195
accept: */*

Response DefaultHttpResponse(decodeResult: success, version: HTTP/1.1)
HTTP/1.1 200 OK
Content-Length: 51
Content-Type: application/json; charset=utf-8
cache-control: no-cache

[DEBUG] Adding key: http://localhost:32195 for channel [id: 0xc1b47c6c, L:/127.0.0.1:57215 - R:localhost/127.0.0.1:32195]
[DEBUG] Using pooled Channel '[id: 0xc1b47c6c, L:/127.0.0.1:57215 - R:localhost/127.0.0.1:32195]' for 'POST' to 'http://localhost:32195/session/c7fa899fa11c6d44c274af712cf22ed5/timeouts'
[DEBUG] Using open Channel [id: 0xc1b47c6c, L:/127.0.0.1:57215 - R:localhost/127.0.0.1:32195] for POST '/session/c7fa899fa11c6d44c274af712cf22ed5/timeouts'
[DEBUG] 

Request DefaultHttpRequest(decodeResult: success, version: HTTP/1.1)
POST /session/c7fa899fa11c6d44c274af712cf22ed5/timeouts HTTP/1.1
User-Agent: selenium/4.10.0 (java windows)
Content-Length: 23
Content-Type: application/json; charset=utf-8
host: localhost:32195
accept: */*

Response DefaultHttpResponse(decodeResult: success, version: HTTP/1.1)
HTTP/1.1 200 OK
Content-Length: 14
Content-Type: application/json; charset=utf-8
cache-control: no-cache

[DEBUG] Adding key: http://localhost:32195 for channel [id: 0xc1b47c6c, L:/127.0.0.1:57215 - R:localhost/127.0.0.1:32195]
2023-07-15 18:36:00,031 - stepDefinitions.StepDef [setup] -(INFO) *******Terminating setup******** 
[DEBUG] Using pooled Channel '[id: 0xc1b47c6c, L:/127.0.0.1:57215 - R:localhost/127.0.0.1:32195]' for 'POST' to 'http://localhost:32195/session/c7fa899fa11c6d44c274af712cf22ed5/url'
[DEBUG] Using open Channel [id: 0xc1b47c6c, L:/127.0.0.1:57215 - R:localhost/127.0.0.1:32195] for POST '/session/c7fa899fa11c6d44c274af712cf22ed5/url'
[DEBUG] Entry count for : http://localhost:57216 : 1
[DEBUG] 

Request DefaultHttpRequest(decodeResult: success, version: HTTP/1.1)
POST /session/c7fa899fa11c6d44c274af712cf22ed5/url HTTP/1.1
User-Agent: selenium/4.10.0 (java windows)
Content-Length: 70
Content-Type: application/json; charset=utf-8
host: localhost:32195
accept: */*

Response DefaultHttpResponse(decodeResult: success, version: HTTP/1.1)
HTTP/1.1 200 OK
Content-Length: 14
Content-Type: application/json; charset=utf-8
cache-control: no-cache

[DEBUG] Adding key: http://localhost:32195 for channel [id: 0xc1b47c6c, L:/127.0.0.1:57215 - R:localhost/127.0.0.1:32195]
2023-07-15 18:36:00,998 - stepDefinitions.StepDef [user_opens_url] -(INFO) *******Opening URL******** 
2023-07-15 18:36:01,000 - stepDefinitions.StepDef [user_enter_email_as_and_password_as] -(INFO) *******Providing Login Details******** 
[DEBUG] Using pooled Channel '[id: 0xc1b47c6c, L:/127.0.0.1:57215 - R:localhost/127.0.0.1:32195]' for 'POST' to 'http://localhost:32195/session/c7fa899fa11c6d44c274af712cf22ed5/element'
[DEBUG] Using open Channel [id: 0xc1b47c6c, L:/127.0.0.1:57215 - R:localhost/127.0.0.1:32195] for POST '/session/c7fa899fa11c6d44c274af712cf22ed5/element'
[DEBUG] 

Request DefaultHttpRequest(decodeResult: success, version: HTTP/1.1)
POST /session/c7fa899fa11c6d44c274af712cf22ed5/element HTTP/1.1
User-Agent: selenium/4.10.0 (java windows)
Content-Length: 55
Content-Type: application/json; charset=utf-8
host: localhost:32195
accept: */*

Response DefaultHttpResponse(decodeResult: success, version: HTTP/1.1)
HTTP/1.1 200 OK
Content-Length: 94
Content-Type: application/json; charset=utf-8
cache-control: no-cache

[DEBUG] Adding key: http://localhost:32195 for channel [id: 0xc1b47c6c, L:/127.0.0.1:57215 - R:localhost/127.0.0.1:32195]
[DEBUG] Using pooled Channel '[id: 0xc1b47c6c, L:/127.0.0.1:57215 - R:localhost/127.0.0.1:32195]' for 'POST' to 'http://localhost:32195/session/c7fa899fa11c6d44c274af712cf22ed5/element/EC0D26FB8CBFD9B0ABDB0103BD70DA29_element_2/clear'
[DEBUG] Using open Channel [id: 0xc1b47c6c, L:/127.0.0.1:57215 - R:localhost/127.0.0.1:32195] for POST '/session/c7fa899fa11c6d44c274af712cf22ed5/element/EC0D26FB8CBFD9B0ABDB0103BD70DA29_element_2/clear'
[DEBUG] 

Request DefaultHttpRequest(decodeResult: success, version: HTTP/1.1)
POST /session/c7fa899fa11c6d44c274af712cf22ed5/element/EC0D26FB8CBFD9B0ABDB0103BD70DA29_element_2/clear HTTP/1.1
User-Agent: selenium/4.10.0 (java windows)
Content-Length: 56
Content-Type: application/json; charset=utf-8
host: localhost:32195
accept: */*

Response DefaultHttpResponse(decodeResult: success, version: HTTP/1.1)
HTTP/1.1 200 OK
Content-Length: 14
Content-Type: application/json; charset=utf-8
cache-control: no-cache

[DEBUG] Adding key: http://localhost:32195 for channel [id: 0xc1b47c6c, L:/127.0.0.1:57215 - R:localhost/127.0.0.1:32195]
[DEBUG] Using pooled Channel '[id: 0xc1b47c6c, L:/127.0.0.1:57215 - R:localhost/127.0.0.1:32195]' for 'POST' to 'http://localhost:32195/session/c7fa899fa11c6d44c274af712cf22ed5/element/EC0D26FB8CBFD9B0ABDB0103BD70DA29_element_2/value'
[DEBUG] Using open Channel [id: 0xc1b47c6c, L:/127.0.0.1:57215 - R:localhost/127.0.0.1:32195] for POST '/session/c7fa899fa11c6d44c274af712cf22ed5/element/EC0D26FB8CBFD9B0ABDB0103BD70DA29_element_2/value'
[DEBUG] 

Request DefaultHttpRequest(decodeResult: success, version: HTTP/1.1)
POST /session/c7fa899fa11c6d44c274af712cf22ed5/element/EC0D26FB8CBFD9B0ABDB0103BD70DA29_element_2/value HTTP/1.1
User-Agent: selenium/4.10.0 (java windows)
Content-Length: 277
Content-Type: application/json; charset=utf-8
host: localhost:32195
accept: */*

Response DefaultHttpResponse(decodeResult: success, version: HTTP/1.1)
HTTP/1.1 200 OK
Content-Length: 14
Content-Type: application/json; charset=utf-8
cache-control: no-cache

[DEBUG] Adding key: http://localhost:32195 for channel [id: 0xc1b47c6c, L:/127.0.0.1:57215 - R:localhost/127.0.0.1:32195]
[DEBUG] Using pooled Channel '[id: 0xc1b47c6c, L:/127.0.0.1:57215 - R:localhost/127.0.0.1:32195]' for 'POST' to 'http://localhost:32195/session/c7fa899fa11c6d44c274af712cf22ed5/element'
[DEBUG] Using open Channel [id: 0xc1b47c6c, L:/127.0.0.1:57215 - R:localhost/127.0.0.1:32195] for POST '/session/c7fa899fa11c6d44c274af712cf22ed5/element'
[DEBUG] 

Request DefaultHttpRequest(decodeResult: success, version: HTTP/1.1)
POST /session/c7fa899fa11c6d44c274af712cf22ed5/element HTTP/1.1
User-Agent: selenium/4.10.0 (java windows)
Content-Length: 58
Content-Type: application/json; charset=utf-8
host: localhost:32195
accept: */*

Response DefaultHttpResponse(decodeResult: success, version: HTTP/1.1)
HTTP/1.1 200 OK
Content-Length: 94
Content-Type: application/json; charset=utf-8
cache-control: no-cache

[DEBUG] Adding key: http://localhost:32195 for channel [id: 0xc1b47c6c, L:/127.0.0.1:57215 - R:localhost/127.0.0.1:32195]
[DEBUG] Using pooled Channel '[id: 0xc1b47c6c, L:/127.0.0.1:57215 - R:localhost/127.0.0.1:32195]' for 'POST' to 'http://localhost:32195/session/c7fa899fa11c6d44c274af712cf22ed5/element/EC0D26FB8CBFD9B0ABDB0103BD70DA29_element_6/clear'
[DEBUG] Using open Channel [id: 0xc1b47c6c, L:/127.0.0.1:57215 - R:localhost/127.0.0.1:32195] for POST '/session/c7fa899fa11c6d44c274af712cf22ed5/element/EC0D26FB8CBFD9B0ABDB0103BD70DA29_element_6/clear'
[DEBUG] 

Request DefaultHttpRequest(decodeResult: success, version: HTTP/1.1)
POST /session/c7fa899fa11c6d44c274af712cf22ed5/element/EC0D26FB8CBFD9B0ABDB0103BD70DA29_element_6/clear HTTP/1.1
User-Agent: selenium/4.10.0 (java windows)
Content-Length: 56
Content-Type: application/json; charset=utf-8
host: localhost:32195
accept: */*

Response DefaultHttpResponse(decodeResult: success, version: HTTP/1.1)
HTTP/1.1 200 OK
Content-Length: 14
Content-Type: application/json; charset=utf-8
cache-control: no-cache

[DEBUG] Adding key: http://localhost:32195 for channel [id: 0xc1b47c6c, L:/127.0.0.1:57215 - R:localhost/127.0.0.1:32195]
[DEBUG] Using pooled Channel '[id: 0xc1b47c6c, L:/127.0.0.1:57215 - R:localhost/127.0.0.1:32195]' for 'POST' to 'http://localhost:32195/session/c7fa899fa11c6d44c274af712cf22ed5/element/EC0D26FB8CBFD9B0ABDB0103BD70DA29_element_6/value'
[DEBUG] Using open Channel [id: 0xc1b47c6c, L:/127.0.0.1:57215 - R:localhost/127.0.0.1:32195] for POST '/session/c7fa899fa11c6d44c274af712cf22ed5/element/EC0D26FB8CBFD9B0ABDB0103BD70DA29_element_6/value'
[DEBUG] 

Request DefaultHttpRequest(decodeResult: success, version: HTTP/1.1)
POST /session/c7fa899fa11c6d44c274af712cf22ed5/element/EC0D26FB8CBFD9B0ABDB0103BD70DA29_element_6/value HTTP/1.1
User-Agent: selenium/4.10.0 (java windows)
Content-Length: 137
Content-Type: application/json; charset=utf-8
host: localhost:32195
accept: */*

Response DefaultHttpResponse(decodeResult: success, version: HTTP/1.1)
HTTP/1.1 200 OK
Content-Length: 14
Content-Type: application/json; charset=utf-8
cache-control: no-cache

[DEBUG] Adding key: http://localhost:32195 for channel [id: 0xc1b47c6c, L:/127.0.0.1:57215 - R:localhost/127.0.0.1:32195]
2023-07-15 18:36:01,173 - stepDefinitions.StepDef [click_on_login_button] -(INFO) *******Started Login******** 
[DEBUG] Using pooled Channel '[id: 0xc1b47c6c, L:/127.0.0.1:57215 - R:localhost/127.0.0.1:32195]' for 'POST' to 'http://localhost:32195/session/c7fa899fa11c6d44c274af712cf22ed5/element'
[DEBUG] Using open Channel [id: 0xc1b47c6c, L:/127.0.0.1:57215 - R:localhost/127.0.0.1:32195] for POST '/session/c7fa899fa11c6d44c274af712cf22ed5/element'
[DEBUG] 

Request DefaultHttpRequest(decodeResult: success, version: HTTP/1.1)
POST /session/c7fa899fa11c6d44c274af712cf22ed5/element HTTP/1.1
User-Agent: selenium/4.10.0 (java windows)
Content-Length: 72
Content-Type: application/json; charset=utf-8
host: localhost:32195
accept: */*

Response DefaultHttpResponse(decodeResult: success, version: HTTP/1.1)
HTTP/1.1 200 OK
Content-Length: 94
Content-Type: application/json; charset=utf-8
cache-control: no-cache

[DEBUG] Adding key: http://localhost:32195 for channel [id: 0xc1b47c6c, L:/127.0.0.1:57215 - R:localhost/127.0.0.1:32195]
[DEBUG] Using pooled Channel '[id: 0xc1b47c6c, L:/127.0.0.1:57215 - R:localhost/127.0.0.1:32195]' for 'POST' to 'http://localhost:32195/session/c7fa899fa11c6d44c274af712cf22ed5/element/EC0D26FB8CBFD9B0ABDB0103BD70DA29_element_3/click'
[DEBUG] Using open Channel [id: 0xc1b47c6c, L:/127.0.0.1:57215 - R:localhost/127.0.0.1:32195] for POST '/session/c7fa899fa11c6d44c274af712cf22ed5/element/EC0D26FB8CBFD9B0ABDB0103BD70DA29_element_3/click'
[DEBUG] Entry count for : http://localhost:57216 : 1
[DEBUG] Entry count for : http://localhost:57216 : 1
[DEBUG] Entry count for : http://localhost:57216 : 1
[DEBUG] Entry count for : http://localhost:57216 : 1
[DEBUG] 

Request DefaultHttpRequest(decodeResult: success, version: HTTP/1.1)
POST /session/c7fa899fa11c6d44c274af712cf22ed5/element/EC0D26FB8CBFD9B0ABDB0103BD70DA29_element_3/click HTTP/1.1
User-Agent: selenium/4.10.0 (java windows)
Content-Length: 56
Content-Type: application/json; charset=utf-8
host: localhost:32195
accept: */*

Response DefaultHttpResponse(decodeResult: success, version: HTTP/1.1)
HTTP/1.1 200 OK
Content-Length: 14
Content-Type: application/json; charset=utf-8
cache-control: no-cache

[DEBUG] Adding key: http://localhost:32195 for channel [id: 0xc1b47c6c, L:/127.0.0.1:57215 - R:localhost/127.0.0.1:32195]
[DEBUG] Using pooled Channel '[id: 0xc1b47c6c, L:/127.0.0.1:57215 - R:localhost/127.0.0.1:32195]' for 'POST' to 'http://localhost:32195/session/c7fa899fa11c6d44c274af712cf22ed5/execute/sync'
[DEBUG] Using open Channel [id: 0xc1b47c6c, L:/127.0.0.1:57215 - R:localhost/127.0.0.1:32195] for POST '/session/c7fa899fa11c6d44c274af712cf22ed5/execute/sync'
[DEBUG] 

Request DefaultHttpRequest(decodeResult: success, version: HTTP/1.1)
POST /session/c7fa899fa11c6d44c274af712cf22ed5/execute/sync HTTP/1.1
User-Agent: selenium/4.10.0 (java windows)
Content-Length: 176
Content-Type: application/json; charset=utf-8
host: localhost:32195
accept: */*

Response DefaultHttpResponse(decodeResult: success, version: HTTP/1.1)
HTTP/1.1 200 OK
Content-Length: 122770
Content-Type: application/json; charset=utf-8
cache-control: no-cache

[DEBUG] Adding key: http://localhost:32195 for channel [id: 0xc1b47c6c, L:/127.0.0.1:57215 - R:localhost/127.0.0.1:32195]
2023-07-15 18:36:05,693 - stepDefinitions.StepDef [page_title_should_be] -(INFO) *******Login failed******** 
[DEBUG] Using pooled Channel '[id: 0xc1b47c6c, L:/127.0.0.1:57215 - R:localhost/127.0.0.1:32195]' for 'GET' to 'http://localhost:32195/session/c7fa899fa11c6d44c274af712cf22ed5/title'
[DEBUG] Using open Channel [id: 0xc1b47c6c, L:/127.0.0.1:57215 - R:localhost/127.0.0.1:32195] for GET '/session/c7fa899fa11c6d44c274af712cf22ed5/title'
[DEBUG] 

Request DefaultFullHttpRequest(decodeResult: success, version: HTTP/1.1, content: EmptyByteBufBE)
GET /session/c7fa899fa11c6d44c274af712cf22ed5/title HTTP/1.1
User-Agent: selenium/4.10.0 (java windows)
Cache-Control: no-cache
Content-Type: application/json; charset=utf-8
host: localhost:32195
accept: */*

Response DefaultHttpResponse(decodeResult: success, version: HTTP/1.1)
HTTP/1.1 200 OK
Content-Length: 50
Content-Type: application/json; charset=utf-8
cache-control: no-cache

[DEBUG] Adding key: http://localhost:32195 for channel [id: 0xc1b47c6c, L:/127.0.0.1:57215 - R:localhost/127.0.0.1:32195]
2023-07-15 18:36:05,709 - stepDefinitions.StepDef [user_click_on_logout_link] -(INFO) *******Click on Logout link******** 
[DEBUG] Using pooled Channel '[id: 0xc1b47c6c, L:/127.0.0.1:57215 - R:localhost/127.0.0.1:32195]' for 'POST' to 'http://localhost:32195/session/c7fa899fa11c6d44c274af712cf22ed5/element'
[DEBUG] Using open Channel [id: 0xc1b47c6c, L:/127.0.0.1:57215 - R:localhost/127.0.0.1:32195] for POST '/session/c7fa899fa11c6d44c274af712cf22ed5/element'
[DEBUG] 

Request DefaultHttpRequest(decodeResult: success, version: HTTP/1.1)
POST /session/c7fa899fa11c6d44c274af712cf22ed5/element HTTP/1.1
User-Agent: selenium/4.10.0 (java windows)
Content-Length: 47
Content-Type: application/json; charset=utf-8
host: localhost:32195
accept: */*

Response DefaultHttpResponse(decodeResult: success, version: HTTP/1.1)
HTTP/1.1 200 OK
Content-Length: 95
Content-Type: application/json; charset=utf-8
cache-control: no-cache

[DEBUG] Adding key: http://localhost:32195 for channel [id: 0xc1b47c6c, L:/127.0.0.1:57215 - R:localhost/127.0.0.1:32195]
[DEBUG] Using pooled Channel '[id: 0xc1b47c6c, L:/127.0.0.1:57215 - R:localhost/127.0.0.1:32195]' for 'POST' to 'http://localhost:32195/session/c7fa899fa11c6d44c274af712cf22ed5/element/A05297C9371B1BD83B40A7884D4A6088_element_14/click'
[DEBUG] Using open Channel [id: 0xc1b47c6c, L:/127.0.0.1:57215 - R:localhost/127.0.0.1:32195] for POST '/session/c7fa899fa11c6d44c274af712cf22ed5/element/A05297C9371B1BD83B40A7884D4A6088_element_14/click'
[DEBUG] Entry count for : http://localhost:57216 : 1
[DEBUG] Entry count for : http://localhost:57216 : 1
[DEBUG] Entry count for : http://localhost:57216 : 1
[DEBUG] 

Request DefaultHttpRequest(decodeResult: success, version: HTTP/1.1)
POST /session/c7fa899fa11c6d44c274af712cf22ed5/element/A05297C9371B1BD83B40A7884D4A6088_element_14/click HTTP/1.1
User-Agent: selenium/4.10.0 (java windows)
Content-Length: 57
Content-Type: application/json; charset=utf-8
host: localhost:32195
accept: */*

Response DefaultHttpResponse(decodeResult: success, version: HTTP/1.1)
HTTP/1.1 200 OK
Content-Length: 14
Content-Type: application/json; charset=utf-8
cache-control: no-cache

[DEBUG] Adding key: http://localhost:32195 for channel [id: 0xc1b47c6c, L:/127.0.0.1:57215 - R:localhost/127.0.0.1:32195]
[DEBUG] Using pooled Channel '[id: 0xc1b47c6c, L:/127.0.0.1:57215 - R:localhost/127.0.0.1:32195]' for 'POST' to 'http://localhost:32195/session/c7fa899fa11c6d44c274af712cf22ed5/execute/sync'
[DEBUG] Using open Channel [id: 0xc1b47c6c, L:/127.0.0.1:57215 - R:localhost/127.0.0.1:32195] for POST '/session/c7fa899fa11c6d44c274af712cf22ed5/execute/sync'
[DEBUG] 

Request DefaultHttpRequest(decodeResult: success, version: HTTP/1.1)
POST /session/c7fa899fa11c6d44c274af712cf22ed5/execute/sync HTTP/1.1
User-Agent: selenium/4.10.0 (java windows)
Content-Length: 176
Content-Type: application/json; charset=utf-8
host: localhost:32195
accept: */*

Response DefaultHttpResponse(decodeResult: success, version: HTTP/1.1)
HTTP/1.1 200 OK
Content-Length: 4781
Content-Type: application/json; charset=utf-8
cache-control: no-cache

[DEBUG] Adding key: http://localhost:32195 for channel [id: 0xc1b47c6c, L:/127.0.0.1:57215 - R:localhost/127.0.0.1:32195]
2023-07-15 18:36:08,066 - stepDefinitions.StepDef [page_title_should_be] -(INFO) *******Login failed******** 
[DEBUG] Using pooled Channel '[id: 0xc1b47c6c, L:/127.0.0.1:57215 - R:localhost/127.0.0.1:32195]' for 'GET' to 'http://localhost:32195/session/c7fa899fa11c6d44c274af712cf22ed5/title'
[DEBUG] Using open Channel [id: 0xc1b47c6c, L:/127.0.0.1:57215 - R:localhost/127.0.0.1:32195] for GET '/session/c7fa899fa11c6d44c274af712cf22ed5/title'
[DEBUG] 

Request DefaultFullHttpRequest(decodeResult: success, version: HTTP/1.1, content: EmptyByteBufBE)
GET /session/c7fa899fa11c6d44c274af712cf22ed5/title HTTP/1.1
User-Agent: selenium/4.10.0 (java windows)
Cache-Control: no-cache
Content-Type: application/json; charset=utf-8
host: localhost:32195
accept: */*

Response DefaultHttpResponse(decodeResult: success, version: HTTP/1.1)
HTTP/1.1 200 OK
Content-Length: 29
Content-Type: application/json; charset=utf-8
cache-control: no-cache

[DEBUG] Adding key: http://localhost:32195 for channel [id: 0xc1b47c6c, L:/127.0.0.1:57215 - R:localhost/127.0.0.1:32195]
2023-07-15 18:36:08,077 - stepDefinitions.CloseStep [close_browser] -(INFO) *******Closing browser******** 
2023-07-15 18:36:08,078 - stepDefinitions.StepDef [tearDown2] -(INFO) *******Executing TearDown******** 
[DEBUG] Using pooled Channel '[id: 0xc1b47c6c, L:/127.0.0.1:57215 - R:localhost/127.0.0.1:32195]' for 'DELETE' to 'http://localhost:32195/session/c7fa899fa11c6d44c274af712cf22ed5/window'
[DEBUG] Using open Channel [id: 0xc1b47c6c, L:/127.0.0.1:57215 - R:localhost/127.0.0.1:32195] for DELETE '/session/c7fa899fa11c6d44c274af712cf22ed5/window'
[DEBUG] Channel Closed: [id: 0x371ec985, L:/127.0.0.1:57222 ! R:localhost/127.0.0.1:57216] with attribute DISCARD
[DEBUG] Channel Closed: [id: 0x735022bd, L:/127.0.0.1:57223 ! R:localhost/127.0.0.1:57216] with attribute NettyResponseFuture{currentRetry=0,
	isDone=1,
	isCancelled=0,
	asyncHandler=org.asynchttpclient.ws.WebSocketUpgradeHandler@3f16b197,
	nettyRequest=org.asynchttpclient.netty.request.NettyRequest@b4000f0,
	future=java.util.concurrent.CompletableFuture@3062f328[Completed normally],
	uri=ws://localhost:57216/devtools/browser/ab4c80c6-bdfe-4087-92b6-23cb62b0f70e,
	keepAlive=true,
	redirectCount=0,
	timeoutsHolder=null,
	inAuth=0,
	touch=1689426359851}
[DEBUG] Closing Channel [id: 0x735022bd, L:/127.0.0.1:57223 ! R:localhost/127.0.0.1:57216] 
[DEBUG] 

Request DefaultFullHttpRequest(decodeResult: success, version: HTTP/1.1, content: EmptyByteBufBE)
DELETE /session/c7fa899fa11c6d44c274af712cf22ed5/window HTTP/1.1
User-Agent: selenium/4.10.0 (java windows)
Content-Type: application/json; charset=utf-8
host: localhost:32195
accept: */*

Response DefaultHttpResponse(decodeResult: success, version: HTTP/1.1)
HTTP/1.1 200 OK
Content-Length: 12
Content-Type: application/json; charset=utf-8
cache-control: no-cache

[DEBUG] Adding key: http://localhost:32195 for channel [id: 0xc1b47c6c, L:/127.0.0.1:57215 - R:localhost/127.0.0.1:32195]
2023-07-15 18:36:08,166 - stepDefinitions.StepDef [tearDown2] -(INFO) *******Terminating tearDown2******** 
]]></system-out>
    <system-err><![CDATA[Jul 15, 2023 6:35:56 PM org.openqa.selenium.remote.service.DriverService$Builder getLogOutput
INFO: Driver logs no longer sent to console by default; https://www.selenium.dev/documentation/webdriver/drivers/service/#setting-log-output
Jul 15, 2023 6:35:57 PM org.openqa.selenium.manager.SeleniumManager lambda$runCommand$1
WARNING: The version of chrome cannot be detected. Trying with latest driver version
]]></system-err>
  </testcase>
  <testcase name="Login Data Driven" classname="Login" time="4.204">
    <failure type="java.lang.AssertionError"><![CDATA[java.lang.AssertionError
	at org.junit.Assert.fail(Assert.java:87)
	at org.junit.Assert.assertTrue(Assert.java:42)
	at org.junit.Assert.assertTrue(Assert.java:53)
	at stepDefinitions.StepDef.page_title_should_be(StepDef.java:174)
	at ✽.Page title should be "Dashboard / nopCommerce administration"(file:///C:/eclipse-workspace/CucumberFramework/./Features/Login.feature:64)
]]></failure>
    <system-out><![CDATA[2023-07-15 18:36:08,182 - stepDefinitions.StepDef [setup] -(INFO) *******Executing setup******** 
[DEBUG] Using new Channel '[id: 0x77ef1441, L:/127.0.0.1:57235 - R:localhost/127.0.0.1:37987]' for 'POST' to '/session'
[DEBUG] Entry count for : http://localhost:32195 : 1
[DEBUG] Entry count for : http://localhost:57216 : 1
[DEBUG] Adding Candidate expired Channel [id: 0x371ec985, L:/127.0.0.1:57222 ! R:localhost/127.0.0.1:57216] isIdleTimeoutExpired=false isRemotelyClosed=true isTtlExpired=false
[DEBUG] Closing Idle Channel [id: 0x371ec985, L:/127.0.0.1:57222 ! R:localhost/127.0.0.1:57216]
[DEBUG] Closed 1 connections out of 2 in 1 ms
[DEBUG] 

Request DefaultHttpRequest(decodeResult: success, version: HTTP/1.1)
POST /session HTTP/1.1
User-Agent: selenium/4.10.0 (java windows)
Content-Length: 356
Content-Type: application/json; charset=utf-8
host: localhost:37987
accept: */*

Response DefaultHttpResponse(decodeResult: success, version: HTTP/1.1)
HTTP/1.1 200 OK
Content-Length: 846
Content-Type: application/json; charset=utf-8
cache-control: no-cache

[DEBUG] Adding key: http://localhost:37987 for channel [id: 0x77ef1441, L:/127.0.0.1:57235 - R:localhost/127.0.0.1:37987]
[DEBUG] Using new Channel '[id: 0x05393d49, L:/127.0.0.1:57241 - R:localhost/127.0.0.1:57236]' for 'GET' to '/json/version'
[DEBUG] 

Request DefaultFullHttpRequest(decodeResult: success, version: HTTP/1.1, content: EmptyByteBufBE)
GET /json/version HTTP/1.1
User-Agent: selenium/4.10.0 (java windows)
host: localhost:57236
accept: */*

Response DefaultHttpResponse(decodeResult: success, version: HTTP/1.1)
HTTP/1.1 200 OK
Content-Security-Policy: frame-ancestors 'none'
Content-Length: 424
Content-Type: application/json; charset=UTF-8

[DEBUG] Adding key: http://localhost:57236 for channel [id: 0x05393d49, L:/127.0.0.1:57241 - R:localhost/127.0.0.1:57236]
[DEBUG] Using new Channel '[id: 0x99f542fe, L:/127.0.0.1:57242 - R:localhost/127.0.0.1:57236]' for 'GET' to '/devtools/browser/04274367-faed-49e0-b44d-739d3619c492'
[DEBUG] 

Request DefaultFullHttpRequest(decodeResult: success, version: HTTP/1.1, content: EmptyByteBufBE)
GET /devtools/browser/04274367-faed-49e0-b44d-739d3619c492 HTTP/1.1
upgrade: websocket
connection: upgrade
sec-websocket-key: CkfzCq+sxdyWgqeiiQu8wQ==
sec-websocket-version: 13
origin: http://localhost:57236
host: localhost:57236
accept: */*
user-agent: AHC/2.1

Response DefaultHttpResponse(decodeResult: success, version: HTTP/1.1)
HTTP/1.1 101 WebSocket Protocol Handshake
Upgrade: WebSocket
Connection: Upgrade
Sec-WebSocket-Accept: OlNxmfVXE+e46tO3RLfnvDqdi3E=

2023-07-15 18:36:09,671 - stepDefinitions.StepDef [setup] -(INFO) Launching Chrome Browser 
[DEBUG] Using pooled Channel '[id: 0x77ef1441, L:/127.0.0.1:57235 - R:localhost/127.0.0.1:37987]' for 'POST' to 'http://localhost:37987/session/504b1c07c7359bb2559a14917343b8d7/window/maximize'
[DEBUG] Using open Channel [id: 0x77ef1441, L:/127.0.0.1:57235 - R:localhost/127.0.0.1:37987] for POST '/session/504b1c07c7359bb2559a14917343b8d7/window/maximize'
[DEBUG] 

Request DefaultHttpRequest(decodeResult: success, version: HTTP/1.1)
POST /session/504b1c07c7359bb2559a14917343b8d7/window/maximize HTTP/1.1
User-Agent: selenium/4.10.0 (java windows)
Content-Length: 3
Content-Type: application/json; charset=utf-8
host: localhost:37987
accept: */*

Response DefaultHttpResponse(decodeResult: success, version: HTTP/1.1)
HTTP/1.1 200 OK
Content-Length: 51
Content-Type: application/json; charset=utf-8
cache-control: no-cache

[DEBUG] Adding key: http://localhost:37987 for channel [id: 0x77ef1441, L:/127.0.0.1:57235 - R:localhost/127.0.0.1:37987]
[DEBUG] Using pooled Channel '[id: 0x77ef1441, L:/127.0.0.1:57235 - R:localhost/127.0.0.1:37987]' for 'POST' to 'http://localhost:37987/session/504b1c07c7359bb2559a14917343b8d7/timeouts'
[DEBUG] Using open Channel [id: 0x77ef1441, L:/127.0.0.1:57235 - R:localhost/127.0.0.1:37987] for POST '/session/504b1c07c7359bb2559a14917343b8d7/timeouts'
[DEBUG] 

Request DefaultHttpRequest(decodeResult: success, version: HTTP/1.1)
POST /session/504b1c07c7359bb2559a14917343b8d7/timeouts HTTP/1.1
User-Agent: selenium/4.10.0 (java windows)
Content-Length: 23
Content-Type: application/json; charset=utf-8
host: localhost:37987
accept: */*

Response DefaultHttpResponse(decodeResult: success, version: HTTP/1.1)
HTTP/1.1 200 OK
Content-Length: 14
Content-Type: application/json; charset=utf-8
cache-control: no-cache

[DEBUG] Adding key: http://localhost:37987 for channel [id: 0x77ef1441, L:/127.0.0.1:57235 - R:localhost/127.0.0.1:37987]
2023-07-15 18:36:09,795 - stepDefinitions.StepDef [setup] -(INFO) *******Terminating setup******** 
[DEBUG] Using pooled Channel '[id: 0x77ef1441, L:/127.0.0.1:57235 - R:localhost/127.0.0.1:37987]' for 'POST' to 'http://localhost:37987/session/504b1c07c7359bb2559a14917343b8d7/url'
[DEBUG] Using open Channel [id: 0x77ef1441, L:/127.0.0.1:57235 - R:localhost/127.0.0.1:37987] for POST '/session/504b1c07c7359bb2559a14917343b8d7/url'
[DEBUG] Entry count for : http://localhost:32195 : 1
[DEBUG] Entry count for : http://localhost:57236 : 1
[DEBUG] 

Request DefaultHttpRequest(decodeResult: success, version: HTTP/1.1)
POST /session/504b1c07c7359bb2559a14917343b8d7/url HTTP/1.1
User-Agent: selenium/4.10.0 (java windows)
Content-Length: 70
Content-Type: application/json; charset=utf-8
host: localhost:37987
accept: */*

Response DefaultHttpResponse(decodeResult: success, version: HTTP/1.1)
HTTP/1.1 200 OK
Content-Length: 14
Content-Type: application/json; charset=utf-8
cache-control: no-cache

[DEBUG] Adding key: http://localhost:37987 for channel [id: 0x77ef1441, L:/127.0.0.1:57235 - R:localhost/127.0.0.1:37987]
2023-07-15 18:36:10,798 - stepDefinitions.StepDef [user_opens_url] -(INFO) *******Opening URL******** 
2023-07-15 18:36:10,799 - stepDefinitions.StepDef [user_enter_email_as_and_password_as] -(INFO) *******Providing Login Details******** 
[DEBUG] Using pooled Channel '[id: 0x77ef1441, L:/127.0.0.1:57235 - R:localhost/127.0.0.1:37987]' for 'POST' to 'http://localhost:37987/session/504b1c07c7359bb2559a14917343b8d7/element'
[DEBUG] Using open Channel [id: 0x77ef1441, L:/127.0.0.1:57235 - R:localhost/127.0.0.1:37987] for POST '/session/504b1c07c7359bb2559a14917343b8d7/element'
[DEBUG] 

Request DefaultHttpRequest(decodeResult: success, version: HTTP/1.1)
POST /session/504b1c07c7359bb2559a14917343b8d7/element HTTP/1.1
User-Agent: selenium/4.10.0 (java windows)
Content-Length: 55
Content-Type: application/json; charset=utf-8
host: localhost:37987
accept: */*

Response DefaultHttpResponse(decodeResult: success, version: HTTP/1.1)
HTTP/1.1 200 OK
Content-Length: 94
Content-Type: application/json; charset=utf-8
cache-control: no-cache

[DEBUG] Adding key: http://localhost:37987 for channel [id: 0x77ef1441, L:/127.0.0.1:57235 - R:localhost/127.0.0.1:37987]
[DEBUG] Using pooled Channel '[id: 0x77ef1441, L:/127.0.0.1:57235 - R:localhost/127.0.0.1:37987]' for 'POST' to 'http://localhost:37987/session/504b1c07c7359bb2559a14917343b8d7/element/00F972665FE9C81A161A4CC0A34E4F1E_element_2/clear'
[DEBUG] Using open Channel [id: 0x77ef1441, L:/127.0.0.1:57235 - R:localhost/127.0.0.1:37987] for POST '/session/504b1c07c7359bb2559a14917343b8d7/element/00F972665FE9C81A161A4CC0A34E4F1E_element_2/clear'
[DEBUG] 

Request DefaultHttpRequest(decodeResult: success, version: HTTP/1.1)
POST /session/504b1c07c7359bb2559a14917343b8d7/element/00F972665FE9C81A161A4CC0A34E4F1E_element_2/clear HTTP/1.1
User-Agent: selenium/4.10.0 (java windows)
Content-Length: 56
Content-Type: application/json; charset=utf-8
host: localhost:37987
accept: */*

Response DefaultHttpResponse(decodeResult: success, version: HTTP/1.1)
HTTP/1.1 200 OK
Content-Length: 14
Content-Type: application/json; charset=utf-8
cache-control: no-cache

[DEBUG] Adding key: http://localhost:37987 for channel [id: 0x77ef1441, L:/127.0.0.1:57235 - R:localhost/127.0.0.1:37987]
[DEBUG] Using pooled Channel '[id: 0x77ef1441, L:/127.0.0.1:57235 - R:localhost/127.0.0.1:37987]' for 'POST' to 'http://localhost:37987/session/504b1c07c7359bb2559a14917343b8d7/element/00F972665FE9C81A161A4CC0A34E4F1E_element_2/value'
[DEBUG] Using open Channel [id: 0x77ef1441, L:/127.0.0.1:57235 - R:localhost/127.0.0.1:37987] for POST '/session/504b1c07c7359bb2559a14917343b8d7/element/00F972665FE9C81A161A4CC0A34E4F1E_element_2/value'
[DEBUG] 

Request DefaultHttpRequest(decodeResult: success, version: HTTP/1.1)
POST /session/504b1c07c7359bb2559a14917343b8d7/element/00F972665FE9C81A161A4CC0A34E4F1E_element_2/value HTTP/1.1
User-Agent: selenium/4.10.0 (java windows)
Content-Length: 277
Content-Type: application/json; charset=utf-8
host: localhost:37987
accept: */*

Response DefaultHttpResponse(decodeResult: success, version: HTTP/1.1)
HTTP/1.1 200 OK
Content-Length: 14
Content-Type: application/json; charset=utf-8
cache-control: no-cache

[DEBUG] Adding key: http://localhost:37987 for channel [id: 0x77ef1441, L:/127.0.0.1:57235 - R:localhost/127.0.0.1:37987]
[DEBUG] Using pooled Channel '[id: 0x77ef1441, L:/127.0.0.1:57235 - R:localhost/127.0.0.1:37987]' for 'POST' to 'http://localhost:37987/session/504b1c07c7359bb2559a14917343b8d7/element'
[DEBUG] Using open Channel [id: 0x77ef1441, L:/127.0.0.1:57235 - R:localhost/127.0.0.1:37987] for POST '/session/504b1c07c7359bb2559a14917343b8d7/element'
[DEBUG] 

Request DefaultHttpRequest(decodeResult: success, version: HTTP/1.1)
POST /session/504b1c07c7359bb2559a14917343b8d7/element HTTP/1.1
User-Agent: selenium/4.10.0 (java windows)
Content-Length: 58
Content-Type: application/json; charset=utf-8
host: localhost:37987
accept: */*

Response DefaultHttpResponse(decodeResult: success, version: HTTP/1.1)
HTTP/1.1 200 OK
Content-Length: 94
Content-Type: application/json; charset=utf-8
cache-control: no-cache

[DEBUG] Adding key: http://localhost:37987 for channel [id: 0x77ef1441, L:/127.0.0.1:57235 - R:localhost/127.0.0.1:37987]
[DEBUG] Using pooled Channel '[id: 0x77ef1441, L:/127.0.0.1:57235 - R:localhost/127.0.0.1:37987]' for 'POST' to 'http://localhost:37987/session/504b1c07c7359bb2559a14917343b8d7/element/00F972665FE9C81A161A4CC0A34E4F1E_element_6/clear'
[DEBUG] Using open Channel [id: 0x77ef1441, L:/127.0.0.1:57235 - R:localhost/127.0.0.1:37987] for POST '/session/504b1c07c7359bb2559a14917343b8d7/element/00F972665FE9C81A161A4CC0A34E4F1E_element_6/clear'
[DEBUG] 

Request DefaultHttpRequest(decodeResult: success, version: HTTP/1.1)
POST /session/504b1c07c7359bb2559a14917343b8d7/element/00F972665FE9C81A161A4CC0A34E4F1E_element_6/clear HTTP/1.1
User-Agent: selenium/4.10.0 (java windows)
Content-Length: 56
Content-Type: application/json; charset=utf-8
host: localhost:37987
accept: */*

Response DefaultHttpResponse(decodeResult: success, version: HTTP/1.1)
HTTP/1.1 200 OK
Content-Length: 14
Content-Type: application/json; charset=utf-8
cache-control: no-cache

[DEBUG] Adding key: http://localhost:37987 for channel [id: 0x77ef1441, L:/127.0.0.1:57235 - R:localhost/127.0.0.1:37987]
[DEBUG] Using pooled Channel '[id: 0x77ef1441, L:/127.0.0.1:57235 - R:localhost/127.0.0.1:37987]' for 'POST' to 'http://localhost:37987/session/504b1c07c7359bb2559a14917343b8d7/element/00F972665FE9C81A161A4CC0A34E4F1E_element_6/value'
[DEBUG] Using open Channel [id: 0x77ef1441, L:/127.0.0.1:57235 - R:localhost/127.0.0.1:37987] for POST '/session/504b1c07c7359bb2559a14917343b8d7/element/00F972665FE9C81A161A4CC0A34E4F1E_element_6/value'
[DEBUG] 

Request DefaultHttpRequest(decodeResult: success, version: HTTP/1.1)
POST /session/504b1c07c7359bb2559a14917343b8d7/element/00F972665FE9C81A161A4CC0A34E4F1E_element_6/value HTTP/1.1
User-Agent: selenium/4.10.0 (java windows)
Content-Length: 147
Content-Type: application/json; charset=utf-8
host: localhost:37987
accept: */*

Response DefaultHttpResponse(decodeResult: success, version: HTTP/1.1)
HTTP/1.1 200 OK
Content-Length: 14
Content-Type: application/json; charset=utf-8
cache-control: no-cache

[DEBUG] Adding key: http://localhost:37987 for channel [id: 0x77ef1441, L:/127.0.0.1:57235 - R:localhost/127.0.0.1:37987]
2023-07-15 18:36:10,966 - stepDefinitions.StepDef [click_on_login_button] -(INFO) *******Started Login******** 
[DEBUG] Using pooled Channel '[id: 0x77ef1441, L:/127.0.0.1:57235 - R:localhost/127.0.0.1:37987]' for 'POST' to 'http://localhost:37987/session/504b1c07c7359bb2559a14917343b8d7/element'
[DEBUG] Using open Channel [id: 0x77ef1441, L:/127.0.0.1:57235 - R:localhost/127.0.0.1:37987] for POST '/session/504b1c07c7359bb2559a14917343b8d7/element'
[DEBUG] 

Request DefaultHttpRequest(decodeResult: success, version: HTTP/1.1)
POST /session/504b1c07c7359bb2559a14917343b8d7/element HTTP/1.1
User-Agent: selenium/4.10.0 (java windows)
Content-Length: 72
Content-Type: application/json; charset=utf-8
host: localhost:37987
accept: */*

Response DefaultHttpResponse(decodeResult: success, version: HTTP/1.1)
HTTP/1.1 200 OK
Content-Length: 94
Content-Type: application/json; charset=utf-8
cache-control: no-cache

[DEBUG] Adding key: http://localhost:37987 for channel [id: 0x77ef1441, L:/127.0.0.1:57235 - R:localhost/127.0.0.1:37987]
[DEBUG] Using pooled Channel '[id: 0x77ef1441, L:/127.0.0.1:57235 - R:localhost/127.0.0.1:37987]' for 'POST' to 'http://localhost:37987/session/504b1c07c7359bb2559a14917343b8d7/element/00F972665FE9C81A161A4CC0A34E4F1E_element_3/click'
[DEBUG] Using open Channel [id: 0x77ef1441, L:/127.0.0.1:57235 - R:localhost/127.0.0.1:37987] for POST '/session/504b1c07c7359bb2559a14917343b8d7/element/00F972665FE9C81A161A4CC0A34E4F1E_element_3/click'
[DEBUG] Entry count for : http://localhost:32195 : 1
[DEBUG] Entry count for : http://localhost:57236 : 1
[DEBUG] 

Request DefaultHttpRequest(decodeResult: success, version: HTTP/1.1)
POST /session/504b1c07c7359bb2559a14917343b8d7/element/00F972665FE9C81A161A4CC0A34E4F1E_element_3/click HTTP/1.1
User-Agent: selenium/4.10.0 (java windows)
Content-Length: 56
Content-Type: application/json; charset=utf-8
host: localhost:37987
accept: */*

Response DefaultHttpResponse(decodeResult: success, version: HTTP/1.1)
HTTP/1.1 200 OK
Content-Length: 14
Content-Type: application/json; charset=utf-8
cache-control: no-cache

[DEBUG] Adding key: http://localhost:37987 for channel [id: 0x77ef1441, L:/127.0.0.1:57235 - R:localhost/127.0.0.1:37987]
[DEBUG] Using pooled Channel '[id: 0x77ef1441, L:/127.0.0.1:57235 - R:localhost/127.0.0.1:37987]' for 'POST' to 'http://localhost:37987/session/504b1c07c7359bb2559a14917343b8d7/execute/sync'
[DEBUG] Using open Channel [id: 0x77ef1441, L:/127.0.0.1:57235 - R:localhost/127.0.0.1:37987] for POST '/session/504b1c07c7359bb2559a14917343b8d7/execute/sync'
[DEBUG] 

Request DefaultHttpRequest(decodeResult: success, version: HTTP/1.1)
POST /session/504b1c07c7359bb2559a14917343b8d7/execute/sync HTTP/1.1
User-Agent: selenium/4.10.0 (java windows)
Content-Length: 176
Content-Type: application/json; charset=utf-8
host: localhost:37987
accept: */*

Response DefaultHttpResponse(decodeResult: success, version: HTTP/1.1)
HTTP/1.1 200 OK
Content-Length: 4974
Content-Type: application/json; charset=utf-8
cache-control: no-cache

[DEBUG] Adding key: http://localhost:37987 for channel [id: 0x77ef1441, L:/127.0.0.1:57235 - R:localhost/127.0.0.1:37987]
2023-07-15 18:36:12,188 - stepDefinitions.StepDef [page_title_should_be] -(INFO) *******Login Successful******** 
2023-07-15 18:36:12,197 - stepDefinitions.StepDef [tearDown2] -(INFO) *******Executing TearDown******** 
********Inside if Loop tearDown2***********
[DEBUG] Using pooled Channel '[id: 0x77ef1441, L:/127.0.0.1:57235 - R:localhost/127.0.0.1:37987]' for 'GET' to 'http://localhost:37987/session/504b1c07c7359bb2559a14917343b8d7/screenshot'
[DEBUG] Using open Channel [id: 0x77ef1441, L:/127.0.0.1:57235 - R:localhost/127.0.0.1:37987] for GET '/session/504b1c07c7359bb2559a14917343b8d7/screenshot'
[DEBUG] 

Request DefaultFullHttpRequest(decodeResult: success, version: HTTP/1.1, content: EmptyByteBufBE)
GET /session/504b1c07c7359bb2559a14917343b8d7/screenshot HTTP/1.1
User-Agent: selenium/4.10.0 (java windows)
Cache-Control: no-cache
Content-Type: application/json; charset=utf-8
host: localhost:37987
accept: */*

Response DefaultHttpResponse(decodeResult: success, version: HTTP/1.1)
HTTP/1.1 200 OK
Content-Length: 43156
Content-Type: application/json; charset=utf-8
cache-control: no-cache

[DEBUG] Adding key: http://localhost:37987 for channel [id: 0x77ef1441, L:/127.0.0.1:57235 - R:localhost/127.0.0.1:37987]
2023-07-15 18:36:12,273 - stepDefinitions.StepDef [tearDown2] -(INFO) Screenshot saved successfully 
[DEBUG] Using pooled Channel '[id: 0x77ef1441, L:/127.0.0.1:57235 - R:localhost/127.0.0.1:37987]' for 'DELETE' to 'http://localhost:37987/session/504b1c07c7359bb2559a14917343b8d7/window'
[DEBUG] Using open Channel [id: 0x77ef1441, L:/127.0.0.1:57235 - R:localhost/127.0.0.1:37987] for DELETE '/session/504b1c07c7359bb2559a14917343b8d7/window'
[DEBUG] Channel Closed: [id: 0x05393d49, L:/127.0.0.1:57241 ! R:localhost/127.0.0.1:57236] with attribute DISCARD
[DEBUG] Channel Closed: [id: 0x99f542fe, L:/127.0.0.1:57242 ! R:localhost/127.0.0.1:57236] with attribute NettyResponseFuture{currentRetry=0,
	isDone=1,
	isCancelled=0,
	asyncHandler=org.asynchttpclient.ws.WebSocketUpgradeHandler@601beda6,
	nettyRequest=org.asynchttpclient.netty.request.NettyRequest@25197fc1,
	future=java.util.concurrent.CompletableFuture@53ba8882[Completed normally],
	uri=ws://localhost:57236/devtools/browser/04274367-faed-49e0-b44d-739d3619c492,
	keepAlive=true,
	redirectCount=0,
	timeoutsHolder=null,
	inAuth=0,
	touch=1689426369666}
[DEBUG] Closing Channel [id: 0x99f542fe, L:/127.0.0.1:57242 ! R:localhost/127.0.0.1:57236] 
[DEBUG] 

Request DefaultFullHttpRequest(decodeResult: success, version: HTTP/1.1, content: EmptyByteBufBE)
DELETE /session/504b1c07c7359bb2559a14917343b8d7/window HTTP/1.1
User-Agent: selenium/4.10.0 (java windows)
Content-Type: application/json; charset=utf-8
host: localhost:37987
accept: */*

Response DefaultHttpResponse(decodeResult: success, version: HTTP/1.1)
HTTP/1.1 200 OK
Content-Length: 12
Content-Type: application/json; charset=utf-8
cache-control: no-cache

[DEBUG] Adding key: http://localhost:37987 for channel [id: 0x77ef1441, L:/127.0.0.1:57235 - R:localhost/127.0.0.1:37987]
[DEBUG] Entry count for : http://localhost:32195 : 1
[DEBUG] Entry count for : http://localhost:57236 : 1
[DEBUG] Entry count for : http://localhost:37987 : 1
[DEBUG] Adding Candidate expired Channel [id: 0x05393d49, L:/127.0.0.1:57241 ! R:localhost/127.0.0.1:57236] isIdleTimeoutExpired=false isRemotelyClosed=true isTtlExpired=false
[DEBUG] Closing Idle Channel [id: 0x05393d49, L:/127.0.0.1:57241 ! R:localhost/127.0.0.1:57236]
[DEBUG] Closed 1 connections out of 3 in 0 ms
2023-07-15 18:36:12,365 - stepDefinitions.StepDef [tearDown2] -(INFO) *******Terminating tearDown2******** 
]]></system-out>
    <system-err><![CDATA[Jul 15, 2023 6:36:08 PM org.openqa.selenium.remote.service.DriverService$Builder getLogOutput
INFO: Driver logs no longer sent to console by default; https://www.selenium.dev/documentation/webdriver/drivers/service/#setting-log-output
Jul 15, 2023 6:36:08 PM org.openqa.selenium.manager.SeleniumManager lambda$runCommand$1
WARNING: The version of chrome cannot be detected. Trying with latest driver version
]]></system-err>
  </testcase>
</testsuite>